# JRE version: Java(TM) SE Runtime Environment (8.0_111-b14) (build 1.8.0_111-b14)
# Java VM: Java HotSpot(TM) 64-Bit Server VM (25.111-b14 mixed mode windows-amd64 compressed oops)
Heap:
 PSYoungGen      total 38400K, used 14098K [0x00000000d5c00000, 0x00000000d8680000, 0x0000000100000000)
  eden space 33280K, 27% used [0x00000000d5c00000,0x00000000d64c6768,0x00000000d7c80000)
  from space 5120K, 99% used [0x00000000d8180000,0x00000000d867e1d0,0x00000000d8680000)
  to   space 5120K, 0% used [0x00000000d7c80000,0x00000000d7c80000,0x00000000d8180000)
 ParOldGen       total 60928K, used 14680K [0x0000000081400000, 0x0000000084f80000, 0x00000000d5c00000)
  object space 60928K, 24% used [0x0000000081400000,0x00000000822560f8,0x0000000084f80000)
 Metaspace       used 23750K, capacity 24060K, committed 24448K, reserved 1071104K
  class space    used 3059K, capacity 3146K, committed 3200K, reserved 1048576K
GC Heap History (10 events):
Event: 111.258 GC heap before
{Heap before GC invocations=1 (full 0):
 PSYoungGen      total 38400K, used 33280K [0x00000000d5c00000, 0x00000000d8680000, 0x0000000100000000)
  eden space 33280K, 100% used [0x00000000d5c00000,0x00000000d7c80000,0x00000000d7c80000)
  from space 5120K, 0% used [0x00000000d8180000,0x00000000d8180000,0x00000000d8680000)
  to   space 5120K, 0% used [0x00000000d7c80000,0x00000000d7c80000,0x00000000d8180000)
 ParOldGen       total 87552K, used 0K [0x0000000081400000, 0x0000000086980000, 0x00000000d5c00000)
  object space 87552K, 0% used [0x0000000081400000,0x0000000081400000,0x0000000086980000)
 Metaspace       used 15351K, capacity 15492K, committed 15616K, reserved 1062912K
  class space    used 1959K, capacity 2021K, committed 2048K, reserved 1048576K
Event: 111.339 GC heap after
Heap after GC invocations=1 (full 0):
 PSYoungGen      total 38400K, used 5104K [0x00000000d5c00000, 0x00000000d8680000, 0x0000000100000000)
  eden space 33280K, 0% used [0x00000000d5c00000,0x00000000d5c00000,0x00000000d7c80000)
  from space 5120K, 99% used [0x00000000d7c80000,0x00000000d817c0c0,0x00000000d8180000)
  to   space 5120K, 0% used [0x00000000d8180000,0x00000000d8180000,0x00000000d8680000)
 ParOldGen       total 87552K, used 3988K [0x0000000081400000, 0x0000000086980000, 0x00000000d5c00000)
  object space 87552K, 4% used [0x0000000081400000,0x00000000817e53a8,0x0000000086980000)
 Metaspace       used 15351K, capacity 15492K, committed 15616K, reserved 1062912K
  class space    used 1959K, capacity 2021K, committed 2048K, reserved 1048576K
}
Event: 129.179 GC heap before
{Heap before GC invocations=2 (full 0):
 PSYoungGen      total 38400K, used 31141K [0x00000000d5c00000, 0x00000000d8680000, 0x0000000100000000)
  eden space 33280K, 78% used [0x00000000d5c00000,0x00000000d756d4f8,0x00000000d7c80000)
  from space 5120K, 99% used [0x00000000d7c80000,0x00000000d817c0c0,0x00000000d8180000)
  to   space 5120K, 0% used [0x00000000d8180000,0x00000000d8180000,0x00000000d8680000)
 ParOldGen       total 87552K, used 3988K [0x0000000081400000, 0x0000000086980000, 0x00000000d5c00000)
  object space 87552K, 4% used [0x0000000081400000,0x00000000817e53a8,0x0000000086980000)
 Metaspace       used 20887K, capacity 21104K, committed 21248K, reserved 1067008K
  class space    used 2699K, capacity 2760K, committed 2816K, reserved 1048576K
Event: 129.211 GC heap after
Heap after GC invocations=2 (full 0):
 PSYoungGen      total 38400K, used 5110K [0x00000000d5c00000, 0x00000000d8680000, 0x0000000100000000)
  eden space 33280K, 0% used [0x00000000d5c00000,0x00000000d5c00000,0x00000000d7c80000)
  from space 5120K, 99% used [0x00000000d8180000,0x00000000d867d920,0x00000000d8680000)
  to   space 5120K, 0% used [0x00000000d7c80000,0x00000000d7c80000,0x00000000d8180000)
 ParOldGen       total 87552K, used 15120K [0x0000000081400000, 0x0000000086980000, 0x00000000d5c00000)
  object space 87552K, 17% used [0x0000000081400000,0x00000000822c4270,0x0000000086980000)
 Metaspace       used 20887K, capacity 21104K, committed 21248K, reserved 1067008K
  class space    used 2699K, capacity 2760K, committed 2816K, reserved 1048576K
}
Event: 129.211 GC heap before
{Heap before GC invocations=3 (full 1):
 PSYoungGen      total 38400K, used 5110K [0x00000000d5c00000, 0x00000000d8680000, 0x0000000100000000)
  eden space 33280K, 0% used [0x00000000d5c00000,0x00000000d5c00000,0x00000000d7c80000)
  from space 5120K, 99% used [0x00000000d8180000,0x00000000d867d920,0x00000000d8680000)
  to   space 5120K, 0% used [0x00000000d7c80000,0x00000000d7c80000,0x00000000d8180000)
 ParOldGen       total 87552K, used 15120K [0x0000000081400000, 0x0000000086980000, 0x00000000d5c00000)
  object space 87552K, 17% used [0x0000000081400000,0x00000000822c4270,0x0000000086980000)
 Metaspace       used 20887K, capacity 21104K, committed 21248K, reserved 1067008K
  class space    used 2699K, capacity 2760K, committed 2816K, reserved 1048576K
Event: 129.384 GC heap after
Heap after GC invocations=3 (full 1):
 PSYoungGen      total 38400K, used 0K [0x00000000d5c00000, 0x00000000d8680000, 0x0000000100000000)
  eden space 33280K, 0% used [0x00000000d5c00000,0x00000000d5c00000,0x00000000d7c80000)
  from space 5120K, 0% used [0x00000000d8180000,0x00000000d8180000,0x00000000d8680000)
  to   space 5120K, 0% used [0x00000000d7c80000,0x00000000d7c80000,0x00000000d8180000)
 ParOldGen       total 60928K, used 14631K [0x0000000081400000, 0x0000000084f80000, 0x00000000d5c00000)
  object space 60928K, 24% used [0x0000000081400000,0x0000000082249e88,0x0000000084f80000)
 Metaspace       used 20887K, capacity 21104K, committed 21248K, reserved 1067008K
  class space    used 2699K, capacity 2760K, committed 2816K, reserved 1048576K
}
Event: 136.891 GC heap before
{Heap before GC invocations=4 (full 1):
 PSYoungGen      total 38400K, used 33280K [0x00000000d5c00000, 0x00000000d8680000, 0x0000000100000000)
  eden space 33280K, 100% used [0x00000000d5c00000,0x00000000d7c80000,0x00000000d7c80000)
  from space 5120K, 0% used [0x00000000d8180000,0x00000000d8180000,0x00000000d8680000)
  to   space 5120K, 0% used [0x00000000d7c80000,0x00000000d7c80000,0x00000000d8180000)
 ParOldGen       total 60928K, used 14631K [0x0000000081400000, 0x0000000084f80000, 0x00000000d5c00000)
  object space 60928K, 24% used [0x0000000081400000,0x0000000082249e88,0x0000000084f80000)
 Metaspace       used 23190K, capacity 23472K, committed 23680K, reserved 1069056K
  class space    used 2995K, capacity 3080K, committed 3200K, reserved 1048576K
Event: 136.899 GC heap after
Heap after GC invocations=4 (full 1):
 PSYoungGen      total 38400K, used 4079K [0x00000000d5c00000, 0x00000000d8680000, 0x0000000100000000)
  eden space 33280K, 0% used [0x00000000d5c00000,0x00000000d5c00000,0x00000000d7c80000)
  from space 5120K, 79% used [0x00000000d7c80000,0x00000000d807bf10,0x00000000d8180000)
  to   space 5120K, 0% used [0x00000000d8180000,0x00000000d8180000,0x00000000d8680000)
 ParOldGen       total 60928K, used 14639K [0x0000000081400000, 0x0000000084f80000, 0x00000000d5c00000)
  object space 60928K, 24% used [0x0000000081400000,0x000000008224be88,0x0000000084f80000)
 Metaspace       used 23190K, capacity 23472K, committed 23680K, reserved 1069056K
  class space    used 2995K, capacity 3080K, committed 3200K, reserved 1048576K
}
Event: 138.220 GC heap before
{Heap before GC invocations=5 (full 1):
 PSYoungGen      total 38400K, used 37359K [0x00000000d5c00000, 0x00000000d8680000, 0x0000000100000000)
  eden space 33280K, 100% used [0x00000000d5c00000,0x00000000d7c80000,0x00000000d7c80000)
  from space 5120K, 79% used [0x00000000d7c80000,0x00000000d807bf10,0x00000000d8180000)
  to   space 5120K, 0% used [0x00000000d8180000,0x00000000d8180000,0x00000000d8680000)
 ParOldGen       total 60928K, used 14639K [0x0000000081400000, 0x0000000084f80000, 0x00000000d5c00000)
  object space 60928K, 24% used [0x0000000081400000,0x000000008224be88,0x0000000084f80000)
 Metaspace       used 23351K, capacity 23644K, committed 23936K, reserved 1071104K
  class space    used 3012K, capacity 3114K, committed 3200K, reserved 1048576K
Event: 138.224 GC heap after
Heap after GC invocations=5 (full 1):
 PSYoungGen      total 38400K, used 5112K [0x00000000d5c00000, 0x00000000d8680000, 0x0000000100000000)
  eden space 33280K, 0% used [0x00000000d5c00000,0x00000000d5c00000,0x00000000d7c80000)
  from space 5120K, 99% used [0x00000000d8180000,0x00000000d867e1d0,0x00000000d8680000)
  to   space 5120K, 0% used [0x00000000d7c80000,0x00000000d7c80000,0x00000000d8180000)
 ParOldGen       total 60928K, used 14680K [0x0000000081400000, 0x0000000084f80000, 0x00000000d5c00000)
  object space 60928K, 24% used [0x0000000081400000,0x00000000822560f8,0x0000000084f80000)
 Metaspace       used 23351K, capacity 23644K, committed 23936K, reserved 1071104K
  class space    used 3012K, capacity 3114K, committed 3200K, reserved 1048576K
}

