# JRE version: Java(TM) SE Runtime Environment (8.0_111-b14) (build 1.8.0_111-b14)
# Java VM: Java HotSpot(TM) 64-Bit Server VM (25.111-b14 mixed mode windows-amd64 compressed oops)
Heap:
 PSYoungGen      total 47616K, used 34658K [0x00000000d5c00000, 0x00000000db800000, 0x0000000100000000)
  eden space 33792K, 82% used [0x00000000d5c00000,0x00000000d7737340,0x00000000d7d00000)
  from space 13824K, 49% used [0x00000000d7d00000,0x00000000d83a1810,0x00000000d8a80000)
  to   space 13312K, 0% used [0x00000000dab00000,0x00000000dab00000,0x00000000db800000)
 ParOldGen       total 56832K, used 16112K [0x0000000081400000, 0x0000000084b80000, 0x00000000d5c00000)
  object space 56832K, 28% used [0x0000000081400000,0x00000000823bc0a8,0x0000000084b80000)
 Metaspace       used 23838K, capacity 24136K, committed 24448K, reserved 1071104K
  class space    used 3063K, capacity 3148K, committed 3200K, reserved 1048576K
GC Heap History (10 events):
Event: 41.688 GC heap before
{Heap before GC invocations=4 (full 1):
 PSYoungGen      total 38400K, used 33280K [0x00000000d5c00000, 0x00000000d8680000, 0x0000000100000000)
  eden space 33280K, 100% used [0x00000000d5c00000,0x00000000d7c80000,0x00000000d7c80000)
  from space 5120K, 0% used [0x00000000d8180000,0x00000000d8180000,0x00000000d8680000)
  to   space 5120K, 0% used [0x00000000d7c80000,0x00000000d7c80000,0x00000000d8180000)
 ParOldGen       total 56832K, used 14555K [0x0000000081400000, 0x0000000084b80000, 0x00000000d5c00000)
  object space 56832K, 25% used [0x0000000081400000,0x0000000082236fa0,0x0000000084b80000)
 Metaspace       used 23320K, capacity 23600K, committed 23936K, reserved 1071104K
  class space    used 3012K, capacity 3080K, committed 3200K, reserved 1048576K
Event: 41.691 GC heap after
Heap after GC invocations=4 (full 1):
 PSYoungGen      total 38400K, used 4258K [0x00000000d5c00000, 0x00000000d8680000, 0x0000000100000000)
  eden space 33280K, 0% used [0x00000000d5c00000,0x00000000d5c00000,0x00000000d7c80000)
  from space 5120K, 83% used [0x00000000d7c80000,0x00000000d80a8b10,0x00000000d8180000)
  to   space 5120K, 0% used [0x00000000d8180000,0x00000000d8180000,0x00000000d8680000)
 ParOldGen       total 56832K, used 14563K [0x0000000081400000, 0x0000000084b80000, 0x00000000d5c00000)
  object space 56832K, 25% used [0x0000000081400000,0x0000000082238fa0,0x0000000084b80000)
 Metaspace       used 23320K, capacity 23600K, committed 23936K, reserved 1071104K
  class space    used 3012K, capacity 3080K, committed 3200K, reserved 1048576K
}
Event: 42.037 GC heap before
{Heap before GC invocations=5 (full 1):
 PSYoungGen      total 38400K, used 37538K [0x00000000d5c00000, 0x00000000d8680000, 0x0000000100000000)
  eden space 33280K, 100% used [0x00000000d5c00000,0x00000000d7c80000,0x00000000d7c80000)
  from space 5120K, 83% used [0x00000000d7c80000,0x00000000d80a8b10,0x00000000d8180000)
  to   space 5120K, 0% used [0x00000000d8180000,0x00000000d8180000,0x00000000d8680000)
 ParOldGen       total 56832K, used 14563K [0x0000000081400000, 0x0000000084b80000, 0x00000000d5c00000)
  object space 56832K, 25% used [0x0000000081400000,0x0000000082238fa0,0x0000000084b80000)
 Metaspace       used 23479K, capacity 23766K, committed 24192K, reserved 1071104K
  class space    used 3027K, capacity 3113K, committed 3200K, reserved 1048576K
Event: 42.040 GC heap after
Heap after GC invocations=5 (full 1):
 PSYoungGen      total 38400K, used 5116K [0x00000000d5c00000, 0x00000000d8680000, 0x0000000100000000)
  eden space 33280K, 0% used [0x00000000d5c00000,0x00000000d5c00000,0x00000000d7c80000)
  from space 5120K, 99% used [0x00000000d8180000,0x00000000d867f018,0x00000000d8680000)
  to   space 5120K, 0% used [0x00000000d7c80000,0x00000000d7c80000,0x00000000d8180000)
 ParOldGen       total 56832K, used 14656K [0x0000000081400000, 0x0000000084b80000, 0x00000000d5c00000)
  object space 56832K, 25% used [0x0000000081400000,0x0000000082250360,0x0000000084b80000)
 Metaspace       used 23479K, capacity 23766K, committed 24192K, reserved 1071104K
  class space    used 3027K, capacity 3113K, committed 3200K, reserved 1048576K
}
Event: 42.278 GC heap before
{Heap before GC invocations=6 (full 1):
 PSYoungGen      total 38400K, used 38396K [0x00000000d5c00000, 0x00000000d8680000, 0x0000000100000000)
  eden space 33280K, 100% used [0x00000000d5c00000,0x00000000d7c80000,0x00000000d7c80000)
  from space 5120K, 99% used [0x00000000d8180000,0x00000000d867f018,0x00000000d8680000)
  to   space 5120K, 0% used [0x00000000d7c80000,0x00000000d7c80000,0x00000000d8180000)
 ParOldGen       total 56832K, used 14656K [0x0000000081400000, 0x0000000084b80000, 0x00000000d5c00000)
  object space 56832K, 25% used [0x0000000081400000,0x0000000082250360,0x0000000084b80000)
 Metaspace       used 23616K, capacity 23842K, committed 24192K, reserved 1071104K
  class space    used 3034K, capacity 3115K, committed 3200K, reserved 1048576K
Event: 42.283 GC heap after
Heap after GC invocations=6 (full 1):
 PSYoungGen      total 37888K, used 5102K [0x00000000d5c00000, 0x00000000d9900000, 0x0000000100000000)
  eden space 32768K, 0% used [0x00000000d5c00000,0x00000000d5c00000,0x00000000d7c00000)
  from space 5120K, 99% used [0x00000000d7c80000,0x00000000d817bae0,0x00000000d8180000)
  to   space 14848K, 0% used [0x00000000d8a80000,0x00000000d8a80000,0x00000000d9900000)
 ParOldGen       total 56832K, used 16104K [0x0000000081400000, 0x0000000084b80000, 0x00000000d5c00000)
  object space 56832K, 28% used [0x0000000081400000,0x00000000823ba0a8,0x0000000084b80000)
 Metaspace       used 23616K, capacity 23842K, committed 24192K, reserved 1071104K
  class space    used 3034K, capacity 3115K, committed 3200K, reserved 1048576K
}
Event: 42.341 GC heap before
{Heap before GC invocations=7 (full 1):
 PSYoungGen      total 37888K, used 37870K [0x00000000d5c00000, 0x00000000d9900000, 0x0000000100000000)
  eden space 32768K, 100% used [0x00000000d5c00000,0x00000000d7c00000,0x00000000d7c00000)
  from space 5120K, 99% used [0x00000000d7c80000,0x00000000d817bae0,0x00000000d8180000)
  to   space 14848K, 0% used [0x00000000d8a80000,0x00000000d8a80000,0x00000000d9900000)
 ParOldGen       total 56832K, used 16104K [0x0000000081400000, 0x0000000084b80000, 0x00000000d5c00000)
  object space 56832K, 28% used [0x0000000081400000,0x00000000823ba0a8,0x0000000084b80000)
 Metaspace       used 23640K, capacity 23906K, committed 24192K, reserved 1071104K
  class space    used 3034K, capacity 3115K, committed 3200K, reserved 1048576K
Event: 42.345 GC heap after
Heap after GC invocations=7 (full 1):
 PSYoungGen      total 48640K, used 6721K [0x00000000d5c00000, 0x00000000db680000, 0x0000000100000000)
  eden space 33792K, 0% used [0x00000000d5c00000,0x00000000d5c00000,0x00000000d7d00000)
  from space 14848K, 45% used [0x00000000d8a80000,0x00000000d9110548,0x00000000d9900000)
  to   space 13824K, 0% used [0x00000000d7d00000,0x00000000d7d00000,0x00000000d8a80000)
 ParOldGen       total 56832K, used 16112K [0x0000000081400000, 0x0000000084b80000, 0x00000000d5c00000)
  object space 56832K, 28% used [0x0000000081400000,0x00000000823bc0a8,0x0000000084b80000)
 Metaspace       used 23640K, capacity 23906K, committed 24192K, reserved 1071104K
  class space    used 3034K, capacity 3115K, committed 3200K, reserved 1048576K
}
Event: 42.379 GC heap before
{Heap before GC invocations=8 (full 1):
 PSYoungGen      total 48640K, used 40513K [0x00000000d5c00000, 0x00000000db680000, 0x0000000100000000)
  eden space 33792K, 100% used [0x00000000d5c00000,0x00000000d7d00000,0x00000000d7d00000)
  from space 14848K, 45% used [0x00000000d8a80000,0x00000000d9110548,0x00000000d9900000)
  to   space 13824K, 0% used [0x00000000d7d00000,0x00000000d7d00000,0x00000000d8a80000)
 ParOldGen       total 56832K, used 16112K [0x0000000081400000, 0x0000000084b80000, 0x00000000d5c00000)
  object space 56832K, 28% used [0x0000000081400000,0x00000000823bc0a8,0x0000000084b80000)
 Metaspace       used 23657K, capacity 23976K, committed 24192K, reserved 1071104K
  class space    used 3035K, capacity 3116K, committed 3200K, reserved 1048576K
Event: 42.385 GC heap after
Heap after GC invocations=8 (full 1):
 PSYoungGen      total 47616K, used 6790K [0x00000000d5c00000, 0x00000000db800000, 0x0000000100000000)
  eden space 33792K, 0% used [0x00000000d5c00000,0x00000000d5c00000,0x00000000d7d00000)
  from space 13824K, 49% used [0x00000000d7d00000,0x00000000d83a1810,0x00000000d8a80000)
  to   space 13312K, 0% used [0x00000000dab00000,0x00000000dab00000,0x00000000db800000)
 ParOldGen       total 56832K, used 16112K [0x0000000081400000, 0x0000000084b80000, 0x00000000d5c00000)
  object space 56832K, 28% used [0x0000000081400000,0x00000000823bc0a8,0x0000000084b80000)
 Metaspace       used 23657K, capacity 23976K, committed 24192K, reserved 1071104K
  class space    used 3035K, capacity 3116K, committed 3200K, reserved 1048576K
}

